0 info it worked if it ends with ok
1 verbose cli [ 'node', '/usr/local/bin/npm', 'publish', '.' ]
2 info using npm@1.3.21
3 info using node@v0.10.24
4 verbose node symlink /usr/bin/node
5 verbose publish [ '.' ]
6 verbose cache add [ '.', null ]
7 verbose cache add name=undefined spec="." args=[".",null]
8 verbose parsed url { protocol: null,
8 verbose parsed url   slashes: null,
8 verbose parsed url   auth: null,
8 verbose parsed url   host: null,
8 verbose parsed url   port: null,
8 verbose parsed url   hostname: null,
8 verbose parsed url   hash: null,
8 verbose parsed url   search: null,
8 verbose parsed url   query: null,
8 verbose parsed url   pathname: '.',
8 verbose parsed url   path: '.',
8 verbose parsed url   href: '.' }
9 silly lockFile 3a52ce78- .
10 verbose lock . /Users/joon/.npm/3a52ce78-.lock
11 verbose tar pack [ '/var/folders/ww/jjd27hdx7p9fytch560n_6q80000gn/T/npm-501-Y0WQ4SmM/1392327687495-0.17624884936958551/tmp.tgz',
11 verbose tar pack   '.' ]
12 verbose tarball /var/folders/ww/jjd27hdx7p9fytch560n_6q80000gn/T/npm-501-Y0WQ4SmM/1392327687495-0.17624884936958551/tmp.tgz
13 verbose folder .
14 info prepublish angular-smart-scroll@0.0.1
15 silly lockFile 1f1177db-tar tar://.
16 verbose lock tar://. /Users/joon/.npm/1f1177db-tar.lock
17 silly lockFile 6a0427a9-7495-0-17624884936958551-tmp-tgz tar:///var/folders/ww/jjd27hdx7p9fytch560n_6q80000gn/T/npm-501-Y0WQ4SmM/1392327687495-0.17624884936958551/tmp.tgz
18 verbose lock tar:///var/folders/ww/jjd27hdx7p9fytch560n_6q80000gn/T/npm-501-Y0WQ4SmM/1392327687495-0.17624884936958551/tmp.tgz /Users/joon/.npm/6a0427a9-7495-0-17624884936958551-tmp-tgz.lock
19 silly lockFile 1f1177db-tar tar://.
20 silly lockFile 1f1177db-tar tar://.
21 silly lockFile 6a0427a9-7495-0-17624884936958551-tmp-tgz tar:///var/folders/ww/jjd27hdx7p9fytch560n_6q80000gn/T/npm-501-Y0WQ4SmM/1392327687495-0.17624884936958551/tmp.tgz
22 silly lockFile 6a0427a9-7495-0-17624884936958551-tmp-tgz tar:///var/folders/ww/jjd27hdx7p9fytch560n_6q80000gn/T/npm-501-Y0WQ4SmM/1392327687495-0.17624884936958551/tmp.tgz
23 verbose tar unpack /var/folders/ww/jjd27hdx7p9fytch560n_6q80000gn/T/npm-501-Y0WQ4SmM/1392327687495-0.17624884936958551/tmp.tgz
24 silly lockFile 34330eeb-7495-0-17624884936958551-package tar:///var/folders/ww/jjd27hdx7p9fytch560n_6q80000gn/T/npm-501-Y0WQ4SmM/1392327687495-0.17624884936958551/package
25 verbose lock tar:///var/folders/ww/jjd27hdx7p9fytch560n_6q80000gn/T/npm-501-Y0WQ4SmM/1392327687495-0.17624884936958551/package /Users/joon/.npm/34330eeb-7495-0-17624884936958551-package.lock
26 silly lockFile 6a0427a9-7495-0-17624884936958551-tmp-tgz tar:///var/folders/ww/jjd27hdx7p9fytch560n_6q80000gn/T/npm-501-Y0WQ4SmM/1392327687495-0.17624884936958551/tmp.tgz
27 verbose lock tar:///var/folders/ww/jjd27hdx7p9fytch560n_6q80000gn/T/npm-501-Y0WQ4SmM/1392327687495-0.17624884936958551/tmp.tgz /Users/joon/.npm/6a0427a9-7495-0-17624884936958551-tmp-tgz.lock
28 silly gunzTarPerm modes [ '755', '644' ]
29 silly gunzTarPerm extractEntry package.json
30 silly gunzTarPerm extractEntry .npmignore
31 silly gunzTarPerm extractEntry README.md
32 silly gunzTarPerm extractEntry LICENSE
33 silly gunzTarPerm extractEntry .bowerrc
34 silly gunzTarPerm extractEntry .coveralls.yml
35 silly gunzTarPerm extractEntry bower.json
36 silly gunzTarPerm extractEntry .travis.yml
37 silly gunzTarPerm extractEntry src/angular-smart-scroll.js
38 silly lockFile 34330eeb-7495-0-17624884936958551-package tar:///var/folders/ww/jjd27hdx7p9fytch560n_6q80000gn/T/npm-501-Y0WQ4SmM/1392327687495-0.17624884936958551/package
39 silly lockFile 34330eeb-7495-0-17624884936958551-package tar:///var/folders/ww/jjd27hdx7p9fytch560n_6q80000gn/T/npm-501-Y0WQ4SmM/1392327687495-0.17624884936958551/package
40 silly lockFile 6a0427a9-7495-0-17624884936958551-tmp-tgz tar:///var/folders/ww/jjd27hdx7p9fytch560n_6q80000gn/T/npm-501-Y0WQ4SmM/1392327687495-0.17624884936958551/tmp.tgz
41 silly lockFile 6a0427a9-7495-0-17624884936958551-tmp-tgz tar:///var/folders/ww/jjd27hdx7p9fytch560n_6q80000gn/T/npm-501-Y0WQ4SmM/1392327687495-0.17624884936958551/tmp.tgz
42 verbose tar pack [ '/Users/joon/.npm/angular-smart-scroll/0.0.1/package.tgz',
42 verbose tar pack   '/var/folders/ww/jjd27hdx7p9fytch560n_6q80000gn/T/npm-501-Y0WQ4SmM/1392327687495-0.17624884936958551/package' ]
43 verbose tarball /Users/joon/.npm/angular-smart-scroll/0.0.1/package.tgz
44 verbose folder /var/folders/ww/jjd27hdx7p9fytch560n_6q80000gn/T/npm-501-Y0WQ4SmM/1392327687495-0.17624884936958551/package
45 silly lockFile 34330eeb-7495-0-17624884936958551-package tar:///var/folders/ww/jjd27hdx7p9fytch560n_6q80000gn/T/npm-501-Y0WQ4SmM/1392327687495-0.17624884936958551/package
46 verbose lock tar:///var/folders/ww/jjd27hdx7p9fytch560n_6q80000gn/T/npm-501-Y0WQ4SmM/1392327687495-0.17624884936958551/package /Users/joon/.npm/34330eeb-7495-0-17624884936958551-package.lock
47 silly lockFile 3d494676-r-smart-scroll-0-0-1-package-tgz tar:///Users/joon/.npm/angular-smart-scroll/0.0.1/package.tgz
48 verbose lock tar:///Users/joon/.npm/angular-smart-scroll/0.0.1/package.tgz /Users/joon/.npm/3d494676-r-smart-scroll-0-0-1-package-tgz.lock
49 silly lockFile 34330eeb-7495-0-17624884936958551-package tar:///var/folders/ww/jjd27hdx7p9fytch560n_6q80000gn/T/npm-501-Y0WQ4SmM/1392327687495-0.17624884936958551/package
50 silly lockFile 34330eeb-7495-0-17624884936958551-package tar:///var/folders/ww/jjd27hdx7p9fytch560n_6q80000gn/T/npm-501-Y0WQ4SmM/1392327687495-0.17624884936958551/package
51 silly lockFile 3d494676-r-smart-scroll-0-0-1-package-tgz tar:///Users/joon/.npm/angular-smart-scroll/0.0.1/package.tgz
52 silly lockFile 3d494676-r-smart-scroll-0-0-1-package-tgz tar:///Users/joon/.npm/angular-smart-scroll/0.0.1/package.tgz
53 silly lockFile b9e47ce3-gular-smart-scroll-0-0-1-package /Users/joon/.npm/angular-smart-scroll/0.0.1/package
54 verbose lock /Users/joon/.npm/angular-smart-scroll/0.0.1/package /Users/joon/.npm/b9e47ce3-gular-smart-scroll-0-0-1-package.lock
55 silly lockFile b9e47ce3-gular-smart-scroll-0-0-1-package /Users/joon/.npm/angular-smart-scroll/0.0.1/package
56 silly lockFile b9e47ce3-gular-smart-scroll-0-0-1-package /Users/joon/.npm/angular-smart-scroll/0.0.1/package
57 verbose tar unpack /Users/joon/.npm/angular-smart-scroll/0.0.1/package.tgz
58 silly lockFile 11340859-gular-smart-scroll-0-0-1-package tar:///Users/joon/.npm/angular-smart-scroll/0.0.1/package
59 verbose lock tar:///Users/joon/.npm/angular-smart-scroll/0.0.1/package /Users/joon/.npm/11340859-gular-smart-scroll-0-0-1-package.lock
60 silly lockFile 3d494676-r-smart-scroll-0-0-1-package-tgz tar:///Users/joon/.npm/angular-smart-scroll/0.0.1/package.tgz
61 verbose lock tar:///Users/joon/.npm/angular-smart-scroll/0.0.1/package.tgz /Users/joon/.npm/3d494676-r-smart-scroll-0-0-1-package-tgz.lock
62 silly gunzTarPerm modes [ '755', '644' ]
63 silly gunzTarPerm extractEntry package.json
64 silly gunzTarPerm extractEntry .npmignore
65 silly gunzTarPerm extractEntry README.md
66 silly gunzTarPerm extractEntry LICENSE
67 silly gunzTarPerm extractEntry .bowerrc
68 silly gunzTarPerm extractEntry .coveralls.yml
69 silly gunzTarPerm extractEntry .travis.yml
70 silly gunzTarPerm extractEntry bower.json
71 silly gunzTarPerm extractEntry src/angular-smart-scroll.js
72 silly lockFile 11340859-gular-smart-scroll-0-0-1-package tar:///Users/joon/.npm/angular-smart-scroll/0.0.1/package
73 silly lockFile 11340859-gular-smart-scroll-0-0-1-package tar:///Users/joon/.npm/angular-smart-scroll/0.0.1/package
74 silly lockFile 3d494676-r-smart-scroll-0-0-1-package-tgz tar:///Users/joon/.npm/angular-smart-scroll/0.0.1/package.tgz
75 silly lockFile 3d494676-r-smart-scroll-0-0-1-package-tgz tar:///Users/joon/.npm/angular-smart-scroll/0.0.1/package.tgz
76 verbose chmod /Users/joon/.npm/angular-smart-scroll/0.0.1/package.tgz 644
77 verbose chown /Users/joon/.npm/angular-smart-scroll/0.0.1/package.tgz [ 501, 20 ]
78 silly lockFile 3a52ce78- .
79 silly lockFile 3a52ce78- .
80 silly publish { name: 'angular-smart-scroll',
80 silly publish   version: '0.0.1',
80 silly publish   description: 'Smart infinite scroll directive for Angular.js that is customizable to support nested, horizontal, vertical, and/or bidirectional scrolls',
80 silly publish   main: 'src/angular-smart-scroll.js',
80 silly publish   directories: { example: 'examples', test: 'tests' },
80 silly publish   scripts: { test: 'grunt travis' },
80 silly publish   repository:
80 silly publish    { type: 'git',
80 silly publish      url: 'https://github.com/joonho1101/angular-smart-scroll.git' },
80 silly publish   keywords:
80 silly publish    [ 'smart',
80 silly publish      'infinite',
80 silly publish      'scroll',
80 silly publish      'nested',
80 silly publish      'horizontal',
80 silly publish      'vertical',
80 silly publish      'bidirectional',
80 silly publish      'angular.js',
80 silly publish      'directive' ],
80 silly publish   author: { name: 'Joon Ho Cho', email: 'joonho1101@gmail.com' },
80 silly publish   license: 'MIT',
80 silly publish   bugs: { url: 'https://github.com/joonho1101/angular-infinite-scroll/issues' },
80 silly publish   homepage: 'https://github.com/joonho1101/angular-infinite-scroll',
80 silly publish   readme: 'angular-smart-scroll\n=======================\nSmart infinite scroll directive for Angular.js that is customizable to support nested, horizontal, vertical, and/or bidirectional scrolls\n\n[![Build Status][Build Status img]][Build Status]\n[![Dependency Status][Dependency Status img]][Dependency Status]\n[![Coverage Status][Coverage Status img]][Coverage Status]\n[![githalytics.com alpha][Git Anlytics img]][Git Anlytics]\n<!-- [![Code Climate][Code Climate img]][Code Climate] -->\n\n## Smart Infinite Scroll for AngularJS\n[View examples!][Examples]\n\n\n## Getting Started\n\nTo get started, add `angular-smart-scroll.js` to your webpage:\n\n\t<script type="text/javascript" src="path/to/angular-smart-scroll.js"></script>\n\nAnd add the module `jun.smartScroll` to your app\'s dependencies:\n\n\n\tangular.module(\'MyApp\', [\'jun.smartScroll\']);\n\n\n## Dependencies\n\n\n### Required\n* AngularJS ([https://github.com/angular/angular.js][Angular.js])\n* jQuery ([https://github.com/jquery/jquery][jQuery])\n\n\n### Optional\n* For `_.throttle` support\n  * Underscore ([https://github.com/jashkenas/underscore][Underscore])\n  * or Lodash ([https://github.com/lodash/lodash][Lodash])\n\n\n## Development\nTo set up the development environment, run these commands once:\n\n\n## Installation\nFirst, install global dependencies (grunt and bower) if you have not already.\n\n\t$ npm install -g grunt-cli bower\n\nThen install local dependencies\n\n\t$ npm install\n\n\n## Running tests\nAfter installing global and local dependencies, run the tests:\n\n\t$ grunt test\n\nTo run tests automatically on every file change:\n\n\t$ grunt dev\n\n\n## Building Production Files\n\n\t$ grunt build\n\n\n## Contributing\n\nFeel free to create a pull request with unit tests with 100% code coverage!\n\n## License\n\n(The MIT License)\n\nCopyright (c) 2014 Joon Ho Cho\n\n[Build Status]: https://travis-ci.org/joonho1101/angular-smart-scroll\n[Build Status img]: https://travis-ci.org/joonho1101/angular-smart-scroll.png\n\n[Dependency Status]: https://gemnasium.com/joonho1101/angular-smart-scroll\n[Dependency Status img]: https://gemnasium.com/joonho1101/angular-smart-scroll.png\n\n[Code Climate]: https://codeclimate.com/github/joonho1101/angular-smart-scroll\n[Code Climate img]: https://codeclimate.com/github/joonho1101/angular-smart-scroll.png\n\n[Coverage Status]: https://coveralls.io/r/joonho1101/angular-smart-scroll\n[Coverage Status img]: https://coveralls.io/repos/joonho1101/angular-smart-scroll/badge.png\n\n[Git Anlytics]: http://githalytics.com/joonho1101/angular-smart-scroll\n[Git Anlytics img]: https://cruel-carlota.pagodabox.com/fda90a3a2ce7e9e7339348f8b505945f\n\n[Examples]: http://htmlpreview.github.io/?https://github.com/joonho1101/angular-smart-scroll/blob/master/examples/index.html\n\n[Angular.js]: https://github.com/angular/angular.js\n[jQuery]: https://github.com/jquery/jquery\n[Underscore]: https://github.com/jashkenas/underscore\n[Lodash]: https://github.com/lodash/lodash\n',
80 silly publish   readmeFilename: 'README.md',
80 silly publish   _id: 'angular-smart-scroll@0.0.1',
80 silly publish   dist: { shasum: '81a3b962ca0b7180dff7c1ba8d3d13335084e546' },
80 silly publish   _from: '.' }
81 error need auth auth and email required for publishing
81 error need auth You need to authorize this machine using `npm adduser`
82 error System Darwin 13.0.0
83 error command "node" "/usr/local/bin/npm" "publish" "."
84 error cwd /Users/joon/dev/lib/angular-smart-scroll
85 error node -v v0.10.24
86 error npm -v 1.3.21
87 error code ENEEDAUTH
88 verbose exit [ 1, true ]
